0 info it worked if it ends with ok
1 verbose cli [ '/usr/local/bin/node',
1 verbose cli   '/usr/local/bin/npm',
1 verbose cli   'i',
1 verbose cli   '-S',
1 verbose cli   'socket.io',
1 verbose cli   'expressjs',
1 verbose cli   'ejs' ]
2 info using npm@3.10.9
3 info using node@v7.1.0
4 silly loadCurrentTree Starting
5 silly install loadCurrentTree
6 silly install readLocalPackageData
7 silly fetchPackageMetaData socket.io
8 silly fetchPackageMetaData expressjs
9 silly fetchPackageMetaData ejs
10 silly fetchNamedPackageData socket.io
11 silly mapToRegistry name socket.io
12 silly mapToRegistry using default registry
13 silly mapToRegistry registry https://registry.npmjs.org/
14 silly mapToRegistry data Result {
14 silly mapToRegistry   raw: 'socket.io',
14 silly mapToRegistry   scope: null,
14 silly mapToRegistry   escapedName: 'socket.io',
14 silly mapToRegistry   name: 'socket.io',
14 silly mapToRegistry   rawSpec: '',
14 silly mapToRegistry   spec: 'latest',
14 silly mapToRegistry   type: 'tag' }
15 silly mapToRegistry uri https://registry.npmjs.org/socket.io
16 silly fetchNamedPackageData expressjs
17 silly mapToRegistry name expressjs
18 silly mapToRegistry using default registry
19 silly mapToRegistry registry https://registry.npmjs.org/
20 silly mapToRegistry data Result {
20 silly mapToRegistry   raw: 'expressjs',
20 silly mapToRegistry   scope: null,
20 silly mapToRegistry   escapedName: 'expressjs',
20 silly mapToRegistry   name: 'expressjs',
20 silly mapToRegistry   rawSpec: '',
20 silly mapToRegistry   spec: 'latest',
20 silly mapToRegistry   type: 'tag' }
21 silly mapToRegistry uri https://registry.npmjs.org/expressjs
22 silly fetchNamedPackageData ejs
23 silly mapToRegistry name ejs
24 silly mapToRegistry using default registry
25 silly mapToRegistry registry https://registry.npmjs.org/
26 silly mapToRegistry data Result {
26 silly mapToRegistry   raw: 'ejs',
26 silly mapToRegistry   scope: null,
26 silly mapToRegistry   escapedName: 'ejs',
26 silly mapToRegistry   name: 'ejs',
26 silly mapToRegistry   rawSpec: '',
26 silly mapToRegistry   spec: 'latest',
26 silly mapToRegistry   type: 'tag' }
27 silly mapToRegistry uri https://registry.npmjs.org/ejs
28 verbose request uri https://registry.npmjs.org/expressjs
29 verbose request no auth needed
30 info attempt registry request try #1 at 09:18:52
31 verbose request id 6b9100284673e11f
32 http request GET https://registry.npmjs.org/expressjs
33 verbose request uri https://registry.npmjs.org/socket.io
34 verbose request no auth needed
35 info attempt registry request try #1 at 09:18:52
36 verbose etag W/"583edadc-23a5f"
37 verbose lastModified Wed, 30 Nov 2016 13:57:48 GMT
38 http request GET https://registry.npmjs.org/socket.io
39 verbose request uri https://registry.npmjs.org/ejs
40 verbose request no auth needed
41 info attempt registry request try #1 at 09:18:52
42 verbose etag W/"5848039b-100da"
43 verbose lastModified Wed, 07 Dec 2016 12:42:03 GMT
44 http request GET https://registry.npmjs.org/ejs
45 http 304 https://registry.npmjs.org/ejs
46 verbose headers { date: 'Fri, 09 Dec 2016 08:18:52 GMT',
46 verbose headers   via: '1.1 varnish',
46 verbose headers   'cache-control': 'max-age=300',
46 verbose headers   etag: 'W/"5848039b-100da"',
46 verbose headers   age: '249',
46 verbose headers   connection: 'keep-alive',
46 verbose headers   'x-served-by': 'cache-lhr6332-LHR',
46 verbose headers   'x-cache': 'HIT',
46 verbose headers   'x-cache-hits': '2',
46 verbose headers   'x-timer': 'S1481271532.702600,VS0,VE0',
46 verbose headers   vary: 'Accept-Encoding' }
47 silly get cb [ 304,
47 silly get   { date: 'Fri, 09 Dec 2016 08:18:52 GMT',
47 silly get     via: '1.1 varnish',
47 silly get     'cache-control': 'max-age=300',
47 silly get     etag: 'W/"5848039b-100da"',
47 silly get     age: '249',
47 silly get     connection: 'keep-alive',
47 silly get     'x-served-by': 'cache-lhr6332-LHR',
47 silly get     'x-cache': 'HIT',
47 silly get     'x-cache-hits': '2',
47 silly get     'x-timer': 'S1481271532.702600,VS0,VE0',
47 silly get     vary: 'Accept-Encoding' } ]
48 verbose etag https://registry.npmjs.org/ejs from cache
49 verbose get saving ejs to /Users/ralmn/.npm/registry.npmjs.org/ejs/.cache.json
50 verbose correctMkdir /Users/ralmn/.npm correctMkdir not in flight; initializing
51 http 304 https://registry.npmjs.org/socket.io
52 verbose headers { date: 'Fri, 09 Dec 2016 08:18:52 GMT',
52 verbose headers   via: '1.1 varnish',
52 verbose headers   'cache-control': 'max-age=300',
52 verbose headers   etag: 'W/"583edadc-23a5f"',
52 verbose headers   age: '231',
52 verbose headers   connection: 'keep-alive',
52 verbose headers   'x-served-by': 'cache-lhr6339-LHR',
52 verbose headers   'x-cache': 'HIT',
52 verbose headers   'x-cache-hits': '5',
52 verbose headers   'x-timer': 'S1481271532.950983,VS0,VE0',
52 verbose headers   vary: 'Accept-Encoding' }
53 silly get cb [ 304,
53 silly get   { date: 'Fri, 09 Dec 2016 08:18:52 GMT',
53 silly get     via: '1.1 varnish',
53 silly get     'cache-control': 'max-age=300',
53 silly get     etag: 'W/"583edadc-23a5f"',
53 silly get     age: '231',
53 silly get     connection: 'keep-alive',
53 silly get     'x-served-by': 'cache-lhr6339-LHR',
53 silly get     'x-cache': 'HIT',
53 silly get     'x-cache-hits': '5',
53 silly get     'x-timer': 'S1481271532.950983,VS0,VE0',
53 silly get     vary: 'Accept-Encoding' } ]
54 verbose etag https://registry.npmjs.org/socket.io from cache
55 verbose get saving socket.io to /Users/ralmn/.npm/registry.npmjs.org/socket.io/.cache.json
56 verbose correctMkdir /Users/ralmn/.npm correctMkdir not in flight; initializing
57 http 404 https://registry.npmjs.org/expressjs
58 verbose headers { 'content-type': 'application/json',
58 verbose headers   'cache-control': 'max-age=0',
58 verbose headers   'content-length': '2',
58 verbose headers   'accept-ranges': 'bytes',
58 verbose headers   date: 'Fri, 09 Dec 2016 08:18:53 GMT',
58 verbose headers   via: '1.1 varnish',
58 verbose headers   age: '0',
58 verbose headers   connection: 'keep-alive',
58 verbose headers   'x-served-by': 'cache-lhr6320-LHR',
58 verbose headers   'x-cache': 'MISS',
58 verbose headers   'x-cache-hits': '0',
58 verbose headers   'x-timer': 'S1481271532.948097,VS0,VE640',
58 verbose headers   vary: 'Accept-Encoding' }
59 silly get cb [ 404,
59 silly get   { 'content-type': 'application/json',
59 silly get     'cache-control': 'max-age=0',
59 silly get     'content-length': '2',
59 silly get     'accept-ranges': 'bytes',
59 silly get     date: 'Fri, 09 Dec 2016 08:18:53 GMT',
59 silly get     via: '1.1 varnish',
59 silly get     age: '0',
59 silly get     connection: 'keep-alive',
59 silly get     'x-served-by': 'cache-lhr6320-LHR',
59 silly get     'x-cache': 'MISS',
59 silly get     'x-cache-hits': '0',
59 silly get     'x-timer': 'S1481271532.948097,VS0,VE640',
59 silly get     vary: 'Accept-Encoding' } ]
60 silly fetchPackageMetaData Error: Registry returned 404 for GET on https://registry.npmjs.org/expressjs
60 silly fetchPackageMetaData     at makeError (/usr/local/lib/node_modules/npm/node_modules/npm-registry-client/lib/request.js:302:12)
60 silly fetchPackageMetaData     at CachingRegistryClient.<anonymous> (/usr/local/lib/node_modules/npm/node_modules/npm-registry-client/lib/request.js:280:14)
60 silly fetchPackageMetaData     at Request._callback (/usr/local/lib/node_modules/npm/node_modules/npm-registry-client/lib/request.js:210:14)
60 silly fetchPackageMetaData     at Request.self.callback (/usr/local/lib/node_modules/npm/node_modules/request/request.js:187:22)
60 silly fetchPackageMetaData     at emitTwo (events.js:106:13)
60 silly fetchPackageMetaData     at Request.emit (events.js:191:7)
60 silly fetchPackageMetaData     at Request.<anonymous> (/usr/local/lib/node_modules/npm/node_modules/request/request.js:1048:10)
60 silly fetchPackageMetaData     at emitOne (events.js:96:13)
60 silly fetchPackageMetaData     at Request.emit (events.js:188:7)
60 silly fetchPackageMetaData     at IncomingMessage.<anonymous> (/usr/local/lib/node_modules/npm/node_modules/request/request.js:969:12)
60 silly fetchPackageMetaData  error for expressjs { Error: Registry returned 404 for GET on https://registry.npmjs.org/expressjs
60 silly fetchPackageMetaData     at makeError (/usr/local/lib/node_modules/npm/node_modules/npm-registry-client/lib/request.js:302:12)
60 silly fetchPackageMetaData     at CachingRegistryClient.<anonymous> (/usr/local/lib/node_modules/npm/node_modules/npm-registry-client/lib/request.js:280:14)
60 silly fetchPackageMetaData     at Request._callback (/usr/local/lib/node_modules/npm/node_modules/npm-registry-client/lib/request.js:210:14)
60 silly fetchPackageMetaData     at Request.self.callback (/usr/local/lib/node_modules/npm/node_modules/request/request.js:187:22)
60 silly fetchPackageMetaData     at emitTwo (events.js:106:13)
60 silly fetchPackageMetaData     at Request.emit (events.js:191:7)
60 silly fetchPackageMetaData     at Request.<anonymous> (/usr/local/lib/node_modules/npm/node_modules/request/request.js:1048:10)
60 silly fetchPackageMetaData     at emitOne (events.js:96:13)
60 silly fetchPackageMetaData     at Request.emit (events.js:188:7)
60 silly fetchPackageMetaData     at IncomingMessage.<anonymous> (/usr/local/lib/node_modules/npm/node_modules/request/request.js:969:12) pkgid: 'expressjs', statusCode: 404, code: 'E404' }
61 silly rollbackFailedOptional Starting
62 silly rollbackFailedOptional Finishing
63 silly runTopLevelLifecycles Finishing
64 silly install printInstalled
65 verbose stack Error: Registry returned 404 for GET on https://registry.npmjs.org/expressjs
65 verbose stack     at makeError (/usr/local/lib/node_modules/npm/node_modules/npm-registry-client/lib/request.js:302:12)
65 verbose stack     at CachingRegistryClient.<anonymous> (/usr/local/lib/node_modules/npm/node_modules/npm-registry-client/lib/request.js:280:14)
65 verbose stack     at Request._callback (/usr/local/lib/node_modules/npm/node_modules/npm-registry-client/lib/request.js:210:14)
65 verbose stack     at Request.self.callback (/usr/local/lib/node_modules/npm/node_modules/request/request.js:187:22)
65 verbose stack     at emitTwo (events.js:106:13)
65 verbose stack     at Request.emit (events.js:191:7)
65 verbose stack     at Request.<anonymous> (/usr/local/lib/node_modules/npm/node_modules/request/request.js:1048:10)
65 verbose stack     at emitOne (events.js:96:13)
65 verbose stack     at Request.emit (events.js:188:7)
65 verbose stack     at IncomingMessage.<anonymous> (/usr/local/lib/node_modules/npm/node_modules/request/request.js:969:12)
66 verbose statusCode 404
67 verbose pkgid expressjs
68 verbose cwd /Users/ralmn/Developpement/cours/projetWeb/cursed_stones
69 error Darwin 16.1.0
70 error argv "/usr/local/bin/node" "/usr/local/bin/npm" "i" "-S" "socket.io" "expressjs" "ejs"
71 error node v7.1.0
72 error npm  v3.10.9
73 error code E404
74 error 404 Registry returned 404 for GET on https://registry.npmjs.org/expressjs
75 error 404
76 error 404 'expressjs' is not in the npm registry.
77 error 404 You should bug the author to publish it (or use the name yourself!)
78 error 404 Note that you can also install from a
79 error 404 tarball, folder, http url, or git url.
80 verbose exit [ 1, true ]
